<?xml version="1.0" encoding="UTF-8"?>
<testng-results ignored="0" total="2" passed="2" failed="0" skipped="0">
  <reporter-output>
  </reporter-output>
  <suite started-at="2024-03-07T12:19:50 IST" name="Default suite" finished-at="2024-03-07T12:19:53 IST" duration-ms="2232">
    <groups>
    </groups>
    <test started-at="2024-03-07T12:19:50 IST" name="Default test" finished-at="2024-03-07T12:19:53 IST" duration-ms="2232">
      <class name="tests.Patch">
        <test-method signature="delete()[pri:0, instance:tests.Patch@32eff876]" started-at="2024-03-07T12:19:51 IST" name="delete" finished-at="2024-03-07T12:19:52 IST" duration-ms="1600" status="PASS">
          <reporter-output>
          </reporter-output>
        </test-method> <!-- delete -->
        <test-method signature="patch()[pri:0, instance:tests.Patch@32eff876]" started-at="2024-03-07T12:19:52 IST" name="patch" finished-at="2024-03-07T12:19:53 IST" duration-ms="585" status="PASS">
          <reporter-output>
          </reporter-output>
        </test-method> <!-- patch -->
      </class> <!-- tests.Patch -->
    </test> <!-- Default test -->
  </suite> <!-- Default suite -->
</testng-results>
